<?xml version="1.0" encoding="UTF-8"?>
<!-- Generated by org.testng.reporters.JUnitXMLReporter -->
<testsuite ignored="6" hostname="KTLKDIOT-L135" failures="3" tests="3" name="Default test(failed)" time="2.618" errors="0" timestamp="2023-11-30T17:04:49 IST">
  <testcase classname="KloudqTechnologies.tests.AdminTestShield" name="Dashboard" time="2.258">
    <failure type="java.lang.NullPointerException" message="Cannot invoke &amp;quot;org.openqa.selenium.WebDriver.findElement(org.openqa.selenium.By)&amp;quot; because &amp;quot;this.driver&amp;quot; is null">
      <![CDATA[java.lang.NullPointerException: Cannot invoke "org.openqa.selenium.WebDriver.findElement(org.openqa.selenium.By)" because "this.driver" is null
at KloudqTechnologies.PageObjects.DashboardShield.HeaderCheck(DashboardShield.java:100)
at KloudqTechnologies.tests.AdminTestShield.Dashboard(AdminTestShield.java:72)
at java.base/java.util.ArrayList.forEach(ArrayList.java:1511)
... Removed 27 stack frames]]>
    </failure>
  </testcase> <!-- Dashboard -->
  <testcase classname="KloudqTechnologies.tests.AdminTestShield" name="SLD" time="0.223">
    <failure type="java.lang.NullPointerException" message="Cannot invoke &amp;quot;org.openqa.selenium.WebDriver.findElement(org.openqa.selenium.By)&amp;quot; because &amp;quot;this.driver&amp;quot; is null">
      <![CDATA[java.lang.NullPointerException: Cannot invoke "org.openqa.selenium.WebDriver.findElement(org.openqa.selenium.By)" because "this.driver" is null
at KloudqTechnologies.PageObjects.SLD.ClickSLDTab(SLD.java:57)
at KloudqTechnologies.tests.AdminTestShield.SLD(AdminTestShield.java:116)
at java.base/java.util.ArrayList.forEach(ArrayList.java:1511)
... Removed 27 stack frames]]>
    </failure>
  </testcase> <!-- SLD -->
  <testcase classname="KloudqTechnologies.tests.AdminTestShield" name="Trends" time="0.012">
    <failure type="java.lang.NullPointerException" message="Cannot invoke &amp;quot;org.openqa.selenium.WebDriver.findElement(org.openqa.selenium.By)&amp;quot; because &amp;quot;this.driver&amp;quot; is null">
      <![CDATA[java.lang.NullPointerException: Cannot invoke "org.openqa.selenium.WebDriver.findElement(org.openqa.selenium.By)" because "this.driver" is null
at KloudqTechnologies.PageObjects.Trends.ClickTrendsTab(Trends.java:39)
at KloudqTechnologies.tests.AdminTestShield.Trends(AdminTestShield.java:144)
at java.base/java.util.ArrayList.forEach(ArrayList.java:1511)
... Removed 27 stack frames]]>
    </failure>
  </testcase> <!-- Trends -->
  <testcase classname="KloudqTechnologies.tests.AdminTestShield" name="Investigate" time="0.0">
    <ignored/>
  </testcase> <!-- Investigate -->
  <testcase classname="KloudqTechnologies.tests.AdminTestShield" name="Reports" time="0.0">
    <ignored/>
  </testcase> <!-- Reports -->
  <testcase classname="KloudqTechnologies.tests.AdminTestShield" name="teardown" time="0.0">
    <ignored/>
  </testcase> <!-- teardown -->
  <testcase classname="KloudqTechnologies.tests.AdminTestShield" name="Login" time="0.0">
    <ignored/>
  </testcase> <!-- Login -->
  <testcase classname="KloudqTechnologies.tests.AdminTestShield" name="LoginLenzAutomation" time="0.0">
    <ignored/>
  </testcase> <!-- LoginLenzAutomation -->
  <testcase classname="KloudqTechnologies.tests.AdminTestShield" name="LenzAutomationAdministrator" time="0.0">
    <ignored/>
  </testcase> <!-- LenzAutomationAdministrator -->
</testsuite> <!-- Default test(failed) -->
